[ewedinvite.site/THIEPMAUCOBAN.html]
[backblue.gif]
[fade.gif]
[index.html]
[content.pancake.vn/web-media/a0/f8/a6/4f/94cc6154da9818df09077753959de47054802f403ee687189cda6b00-w_966-h_1449-l_345983-t_image/jpeg.jpg]
[content.pancake.vn/1/s780x1688/fwebp80/11/83/93/27/c91fcbd3c11d401bafafc82e0178e671af2f59f3167097643b9baf99-w_1284-h_2778-l_390596-t_image/jpeg.jpg]
[content.pancake.vn/1/02/d4/a7/88/fef5132f979892c1778a688f2039942fc24b396b332750179775f87e-w_200-h_200-l_8183-t_image/png.png]
[content.pancake.vn/1/31/08/c9/52/c9f574ca2fa8481e1c8c657100583ddfbf47e33427d480a7dc32e788-w_200-h_200-l_242141-t_image/gif.gif]
[content.pancake.vn/1/59/9d/0d/23/829a2a25903e5b03a029f62911ad0300b2c875df84e143b3258f9633-w_3600-h_3600-l_165926-t_image/png.png]
[api.webcake.io/animate/animatev43860.css]
[api.webcake.io/render_iconfont/iconfont3860.css]
[ewedinvite.site/webcake/v4/379d2b3d-2e8b-41e0-a9be-d4c83c7bc08e]
[ewedinvite.site/page_view5e03.gif]
[a.pancake.vn/js/fingerprint.js]
[ewedinvite.site/THIEPMAUCOBAN.html]
[api.webcake.io/animate/animatev43860.css]
[content.pancake.vn/web-media/ba/c9/4b/24/84ae78afd952235a6810cde46e51ca2a384ff16ca11cc946f7b0dfc9-w_966-h_1449-l_129939-t_image/jpeg.jpg]
[content.pancake.vn/1/s300x300/fwebp/12/18/c3/5f/46928cd6705520a982f6e46506c591412d8e12315addc7f1a7d43b69-w_966-h_644-l_67295-t_image/jpeg.jpg]
[api.webcake.io/render_iconfont/iconfontbd18.woff2]
[api.webcake.io/render_iconfont/iconfontbd18.woff]
[api.webcake.io/render_iconfont/iconfontbd18.ttf]
[api.webcake.io/render_iconfont/iconfont3860.css]
